Build started 5/5/2015 11:06:18 AM.
     1>Project "c:\Users\Anoos\documents\visual studio 2010\Projects\Algorithms-Lab10\Algorithms-Lab10\Algorithms-Lab10.vcxproj" on node 2 (build target(s)).
     1>InitializeBuildStatus:
         Creating "Debug\Algorithms-Lab10.unsuccessfulbuild" because "AlwaysCreate" was specified.
       ClCompile:
         C:\Program Files (x86)\Microsoft Visual Studio 10.0\VC\bin\CL.exe /c /ZI /nologo /W3 /WX- /Od /Oy- /D WIN32 /D _DEBUG /D _CONSOLE /D _UNICODE /D UNICODE /Gm /EHsc /RTC1 /MDd /GS /fp:precise /Zc:wchar_t /Zc:forScope /Fo"Debug\\" /Fd"Debug\vc100.pdb" /Gd /TP /analyze- /errorReport:prompt main.cpp
         main.cpp
     1>c:\users\anoos\documents\visual studio 2010\projects\algorithms-lab10\algorithms-lab10\main.cpp(58): warning C4018: '<' : signed/unsigned mismatch
       ManifestResourceCompile:
         All outputs are up-to-date.
       Link:
         C:\Program Files (x86)\Microsoft Visual Studio 10.0\VC\bin\link.exe /ERRORREPORT:PROMPT /OUT:"c:\users\anoos\documents\visual studio 2010\Projects\Algorithms-Lab10\Debug\Algorithms-Lab10.exe" /INCREMENTAL /NOLOGO kernel32.lib user32.lib gdi32.lib winspool.lib comdlg32.lib advapi32.lib shell32.lib ole32.lib oleaut32.lib uuid.lib odbc32.lib odbccp32.lib /MANIFEST /ManifestFile:"Debug\Algorithms-Lab10.exe.intermediate.manifest" /MANIFESTUAC:"level='asInvoker' uiAccess='false'" /DEBUG /PDB:"c:\users\anoos\documents\visual studio 2010\Projects\Algorithms-Lab10\Debug\Algorithms-Lab10.pdb" /SUBSYSTEM:CONSOLE /TLBID:1 /DYNAMICBASE /NXCOMPAT /IMPLIB:"c:\users\anoos\documents\visual studio 2010\Projects\Algorithms-Lab10\Debug\Algorithms-Lab10.lib" /MACHINE:X86 "Debug\Algorithms-Lab10.exe.embed.manifest.res"
         Debug\main.obj
       Manifest:
         C:\Program Files (x86)\Microsoft SDKs\Windows\v7.0A\bin\mt.exe /nologo /verbose /out:"Debug\Algorithms-Lab10.exe.embed.manifest" /manifest "Debug\Algorithms-Lab10.exe.intermediate.manifest"
         All outputs are up-to-date.
       LinkEmbedManifest:
         All outputs are up-to-date.
         Algorithms-Lab10.vcxproj -> c:\users\anoos\documents\visual studio 2010\Projects\Algorithms-Lab10\Debug\Algorithms-Lab10.exe
       FinalizeBuildStatus:
         Deleting file "Debug\Algorithms-Lab10.unsuccessfulbuild".
         Touching "Debug\Algorithms-Lab10.lastbuildstate".
     1>Done Building Project "c:\Users\Anoos\documents\visual studio 2010\Projects\Algorithms-Lab10\Algorithms-Lab10\Algorithms-Lab10.vcxproj" (build target(s)).

Build succeeded.

Time Elapsed 00:00:09.00
